<?xml version="1.0" encoding="UTF-8"?>
<testsuite name="JUnit Jupiter" tests="36" skipped="0" failures="0" errors="36" time="4.397" hostname="DESKTOP-2IK5BJN" timestamp="2025-11-27T23:38:11">
<properties>
[...]
</properties>
<testcase name="testDoGet_NullFilename_DoesNotServe()" classname="controller.ImgServTest" time="0.007">
<error message="ServletConfig has not been initialized" type="java.lang.IllegalStateException"><![CDATA[java.lang.IllegalStateException: ServletConfig has not been initialized
	at javax.servlet.GenericServlet.getServletContext(GenericServlet.java:197)
	at controller.ImgServTest.setUp(ImgServTest.java:47)
	at java.base/java.lang.reflect.Method.invoke(Method.java:568)
	at java.base/java.util.ArrayList.forEach(ArrayList.java:1511)
	at java.base/java.util.ArrayList.forEach(ArrayList.java:1511)
]]></error>
<system-out><![CDATA[
unique-id: [engine:junit-jupiter]/[class:controller.ImgServTest]/[method:testDoGet_NullFilename_DoesNotServe()]
display-name: testDoGet_NullFilename_DoesNotServe()
]]></system-out>
</testcase>
<testcase name="testDoPost_ChangePassword_IncorrectCurrentPassword()" classname="controller.ProfileTest" time="0.336">
<error message="ServletConfig has not been initialized" type="java.lang.IllegalStateException"><![CDATA[java.lang.IllegalStateException: ServletConfig has not been initialized
	at javax.servlet.GenericServlet.getServletContext(GenericServlet.java:197)
	at controller.ProfileTest.setUp(ProfileTest.java:60)
	at java.base/java.lang.reflect.Method.invoke(Method.java:568)
	at java.base/java.util.ArrayList.forEach(ArrayList.java:1511)
	at java.base/java.util.ArrayList.forEach(ArrayList.java:1511)
]]></error>
<system-out><![CDATA[
unique-id: [engine:junit-jupiter]/[class:controller.ProfileTest]/[method:testDoPost_ChangePassword_IncorrectCurrentPassword()]
display-name: testDoPost_ChangePassword_IncorrectCurrentPassword()
]]></system-out>
</testcase>
<testcase name="testDoPost_ChangePassword_Successful()" classname="controller.ProfileTest" time="0.001">
<error message="ServletConfig has not been initialized" type="java.lang.IllegalStateException"><![CDATA[java.lang.IllegalStateException: ServletConfig has not been initialized
	at javax.servlet.GenericServlet.getServletContext(GenericServlet.java:197)
	at controller.ProfileTest.setUp(ProfileTest.java:60)
	at java.base/java.lang.reflect.Method.invoke(Method.java:568)
	at java.base/java.util.ArrayList.forEach(ArrayList.java:1511)
	at java.base/java.util.ArrayList.forEach(ArrayList.java:1511)
]]></error>
<system-out><![CDATA[
unique-id: [engine:junit-jupiter]/[class:controller.ProfileTest]/[method:testDoPost_ChangePassword_Successful()]
display-name: testDoPost_ChangePassword_Successful()
]]></system-out>
</testcase>
<testcase name="testDoPost_VeryLargeAmount_Credits()" classname="controller.WalletEdgeCaseTest" time="0.006">
<error message="ServletConfig has not been initialized" type="java.lang.IllegalStateException"><![CDATA[java.lang.IllegalStateException: ServletConfig has not been initialized
	at javax.servlet.GenericServlet.getServletContext(GenericServlet.java:197)
	at controller.WalletEdgeCaseTest.setUp(WalletEdgeCaseTest.java:60)
	at java.base/java.lang.reflect.Method.invoke(Method.java:568)
	at java.base/java.util.ArrayList.forEach(ArrayList.java:1511)
	at java.base/java.util.ArrayList.forEach(ArrayList.java:1511)
]]></error>
<system-out><![CDATA[
unique-id: [engine:junit-jupiter]/[class:controller.WalletEdgeCaseTest]/[method:testDoPost_VeryLargeAmount_Credits()]
display-name: testDoPost_VeryLargeAmount_Credits()
]]></system-out>
</testcase>
<testcase name="testDoGet_NoUserInSession_RedirectsToLogin()" classname="controller.ProfileTest" time="0.011">
<error message="ServletConfig has not been initialized" type="java.lang.IllegalStateException"><![CDATA[java.lang.IllegalStateException: ServletConfig has not been initialized
	at javax.servlet.GenericServlet.getServletContext(GenericServlet.java:197)
	at controller.ProfileTest.setUp(ProfileTest.java:60)
	at java.base/java.lang.reflect.Method.invoke(Method.java:568)
	at java.base/java.util.ArrayList.forEach(ArrayList.java:1511)
	at java.base/java.util.ArrayList.forEach(ArrayList.java:1511)
]]></error>
<system-out><![CDATA[
unique-id: [engine:junit-jupiter]/[class:controller.ProfileTest]/[method:testDoGet_NoUserInSession_RedirectsToLogin()]
display-name: testDoGet_NoUserInSession_RedirectsToLogin()
]]></system-out>
</testcase>
<testcase name="testDoPost_ValidAmount_CreditsAccount()" classname="controller.WalletTest" time="0.008">
<error message="ServletConfig has not been initialized" type="java.lang.IllegalStateException"><![CDATA[java.lang.IllegalStateException: ServletConfig has not been initialized
	at javax.servlet.GenericServlet.getServletContext(GenericServlet.java:197)
	at controller.WalletTest.setUp(WalletTest.java:55)
	at java.base/java.lang.reflect.Method.invoke(Method.java:568)
	at java.base/java.util.ArrayList.forEach(ArrayList.java:1511)
	at java.base/java.util.ArrayList.forEach(ArrayList.java:1511)
]]></error>
<system-out><![CDATA[
unique-id: [engine:junit-jupiter]/[class:controller.WalletTest]/[method:testDoPost_ValidAmount_CreditsAccount()]
display-name: testDoPost_ValidAmount_CreditsAccount()
]]></system-out>
</testcase>
<testcase name="testDoPost_UpdateInfo_ChangesName()" classname="controller.ProfileTest" time="0.005">
<error message="ServletConfig has not been initialized" type="java.lang.IllegalStateException"><![CDATA[java.lang.IllegalStateException: ServletConfig has not been initialized
	at javax.servlet.GenericServlet.getServletContext(GenericServlet.java:197)
	at controller.ProfileTest.setUp(ProfileTest.java:60)
	at java.base/java.lang.reflect.Method.invoke(Method.java:568)
	at java.base/java.util.ArrayList.forEach(ArrayList.java:1511)
	at java.base/java.util.ArrayList.forEach(ArrayList.java:1511)
]]></error>
<system-out><![CDATA[
unique-id: [engine:junit-jupiter]/[class:controller.ProfileTest]/[method:testDoPost_UpdateInfo_ChangesName()]
display-name: testDoPost_UpdateInfo_ChangesName()
]]></system-out>
</testcase>
<testcase name="testDoGet_NoUserInSession_RedirectsToLogin()" classname="controller.WalletTest" time="0">
<error message="ServletConfig has not been initialized" type="java.lang.IllegalStateException"><![CDATA[java.lang.IllegalStateException: ServletConfig has not been initialized
	at javax.servlet.GenericServlet.getServletContext(GenericServlet.java:197)
	at controller.WalletTest.setUp(WalletTest.java:55)
	at java.base/java.lang.reflect.Method.invoke(Method.java:568)
	at java.base/java.util.ArrayList.forEach(ArrayList.java:1511)
	at java.base/java.util.ArrayList.forEach(ArrayList.java:1511)
]]></error>
<system-out><![CDATA[
unique-id: [engine:junit-jupiter]/[class:controller.WalletTest]/[method:testDoGet_NoUserInSession_RedirectsToLogin()]
display-name: testDoGet_NoUserInSession_RedirectsToLogin()
]]></system-out>
</testcase>
<testcase name="testDoGet_ValidFilename_ServesImage()" classname="controller.ImgServTest" time="0.007">
<error message="ServletConfig has not been initialized" type="java.lang.IllegalStateException"><![CDATA[java.lang.IllegalStateException: ServletConfig has not been initialized
	at javax.servlet.GenericServlet.getServletContext(GenericServlet.java:197)
	at controller.ImgServTest.setUp(ImgServTest.java:47)
	at java.base/java.lang.reflect.Method.invoke(Method.java:568)
	at java.base/java.util.ArrayList.forEach(ArrayList.java:1511)
	at java.base/java.util.ArrayList.forEach(ArrayList.java:1511)
]]></error>
<system-out><![CDATA[
unique-id: [engine:junit-jupiter]/[class:controller.ImgServTest]/[method:testDoGet_ValidFilename_ServesImage()]
display-name: testDoGet_ValidFilename_ServesImage()
]]></system-out>
</testcase>
<testcase name="testDoPost_UpdateAllInfoFields()" classname="controller.ProfileEdgeCaseTest" time="0.015">
<error message="ServletConfig has not been initialized" type="java.lang.IllegalStateException"><![CDATA[java.lang.IllegalStateException: ServletConfig has not been initialized
	at javax.servlet.GenericServlet.getServletContext(GenericServlet.java:197)
	at controller.ProfileEdgeCaseTest.setUp(ProfileEdgeCaseTest.java:64)
	at java.base/java.lang.reflect.Method.invoke(Method.java:568)
	at java.base/java.util.ArrayList.forEach(ArrayList.java:1511)
	at java.base/java.util.ArrayList.forEach(ArrayList.java:1511)
]]></error>
<system-out><![CDATA[
unique-id: [engine:junit-jupiter]/[class:controller.ProfileEdgeCaseTest]/[method:testDoPost_UpdateAllInfoFields()]
display-name: testDoPost_UpdateAllInfoFields()
]]></system-out>
</testcase>
<testcase name="testDoGet_ExternalUser_ShowsExternalProfile()" classname="controller.ProfileTest" time="0.007">
<error message="ServletConfig has not been initialized" type="java.lang.IllegalStateException"><![CDATA[java.lang.IllegalStateException: ServletConfig has not been initialized
	at javax.servlet.GenericServlet.getServletContext(GenericServlet.java:197)
	at controller.ProfileTest.setUp(ProfileTest.java:60)
	at java.base/java.lang.reflect.Method.invoke(Method.java:568)
	at java.base/java.util.ArrayList.forEach(ArrayList.java:1511)
	at java.base/java.util.ArrayList.forEach(ArrayList.java:1511)
]]></error>
<system-out><![CDATA[
unique-id: [engine:junit-jupiter]/[class:controller.ProfileTest]/[method:testDoGet_ExternalUser_ShowsExternalProfile()]
display-name: testDoGet_ExternalUser_ShowsExternalProfile()
]]></system-out>
</testcase>
<testcase name="testDoPost_MissingParameters_HandlesException()" classname="controller.ProfileTest" time="0.009">
<error message="ServletConfig has not been initialized" type="java.lang.IllegalStateException"><![CDATA[java.lang.IllegalStateException: ServletConfig has not been initialized
	at javax.servlet.GenericServlet.getServletContext(GenericServlet.java:197)
	at controller.ProfileTest.setUp(ProfileTest.java:60)
	at java.base/java.lang.reflect.Method.invoke(Method.java:568)
	at java.base/java.util.ArrayList.forEach(ArrayList.java:1511)
	at java.base/java.util.ArrayList.forEach(ArrayList.java:1511)
]]></error>
<system-out><![CDATA[
unique-id: [engine:junit-jupiter]/[class:controller.ProfileTest]/[method:testDoPost_MissingParameters_HandlesException()]
display-name: testDoPost_MissingParameters_HandlesException()
]]></system-out>
</testcase>
<testcase name="testDoPost_NoChanges_DoesNotUpdate()" classname="controller.ProfileEdgeCaseTest" time="0">
<error message="ServletConfig has not been initialized" type="java.lang.IllegalStateException"><![CDATA[java.lang.IllegalStateException: ServletConfig has not been initialized
	at javax.servlet.GenericServlet.getServletContext(GenericServlet.java:197)
	at controller.ProfileEdgeCaseTest.setUp(ProfileEdgeCaseTest.java:64)
	at java.base/java.lang.reflect.Method.invoke(Method.java:568)
	at java.base/java.util.ArrayList.forEach(ArrayList.java:1511)
	at java.base/java.util.ArrayList.forEach(ArrayList.java:1511)
]]></error>
<system-out><![CDATA[
unique-id: [engine:junit-jupiter]/[class:controller.ProfileEdgeCaseTest]/[method:testDoPost_NoChanges_DoesNotUpdate()]
display-name: testDoPost_NoChanges_DoesNotUpdate()
]]></system-out>
</testcase>
<testcase name="testConstructor()" classname="controller.ImgServTest" time="0.007">
<error message="ServletConfig has not been initialized" type="java.lang.IllegalStateException"><![CDATA[java.lang.IllegalStateException: ServletConfig has not been initialized
	at javax.servlet.GenericServlet.getServletContext(GenericServlet.java:197)
	at controller.ImgServTest.setUp(ImgServTest.java:47)
	at java.base/java.lang.reflect.Method.invoke(Method.java:568)
	at java.base/java.util.ArrayList.forEach(ArrayList.java:1511)
	at java.base/java.util.ArrayList.forEach(ArrayList.java:1511)
]]></error>
<system-out><![CDATA[
unique-id: [engine:junit-jupiter]/[class:controller.ImgServTest]/[method:testConstructor()]
display-name: testConstructor()
]]></system-out>
</testcase>
<testcase name="testConstructor()" classname="controller.DisplaySearchTest" time="0.01">
<error message="ServletConfig has not been initialized" type="java.lang.IllegalStateException"><![CDATA[java.lang.IllegalStateException: ServletConfig has not been initialized
	at javax.servlet.GenericServlet.getServletContext(GenericServlet.java:197)
	at controller.DisplaySearchTest.setUp(DisplaySearchTest.java:53)
	at java.base/java.lang.reflect.Method.invoke(Method.java:568)
	at java.base/java.util.ArrayList.forEach(ArrayList.java:1511)
	at java.base/java.util.ArrayList.forEach(ArrayList.java:1511)
]]></error>
<system-out><![CDATA[
unique-id: [engine:junit-jupiter]/[class:controller.DisplaySearchTest]/[method:testConstructor()]
display-name: testConstructor()
]]></system-out>
</testcase>
<testcase name="testDoPost_CallsDoGet()" classname="controller.ImgServTest" time="0.238">
<error message="ServletConfig has not been initialized" type="java.lang.IllegalStateException"><![CDATA[java.lang.IllegalStateException: ServletConfig has not been initialized
	at javax.servlet.GenericServlet.getServletContext(GenericServlet.java:197)
	at controller.ImgServTest.setUp(ImgServTest.java:47)
	at java.base/java.lang.reflect.Method.invoke(Method.java:568)
	at java.base/java.util.ArrayList.forEach(ArrayList.java:1511)
	at java.base/java.util.ArrayList.forEach(ArrayList.java:1511)
]]></error>
<system-out><![CDATA[
unique-id: [engine:junit-jupiter]/[class:controller.ImgServTest]/[method:testDoPost_CallsDoGet()]
display-name: testDoPost_CallsDoGet()
]]></system-out>
</testcase>
<testcase name="testDoPost_AmountWithSpaces_HandlesException()" classname="controller.WalletEdgeCaseTest" time="0.006">
<error message="ServletConfig has not been initialized" type="java.lang.IllegalStateException"><![CDATA[java.lang.IllegalStateException: ServletConfig has not been initialized
	at javax.servlet.GenericServlet.getServletContext(GenericServlet.java:197)
	at controller.WalletEdgeCaseTest.setUp(WalletEdgeCaseTest.java:60)
	at java.base/java.lang.reflect.Method.invoke(Method.java:568)
	at java.base/java.util.ArrayList.forEach(ArrayList.java:1511)
	at java.base/java.util.ArrayList.forEach(ArrayList.java:1511)
]]></error>
<system-out><![CDATA[
unique-id: [engine:junit-jupiter]/[class:controller.WalletEdgeCaseTest]/[method:testDoPost_AmountWithSpaces_HandlesException()]
display-name: testDoPost_AmountWithSpaces_HandlesException()
]]></system-out>
</testcase>
<testcase name="testDoPost_NegativeAmount_CreditsNegative()" classname="controller.WalletTest" time="0.01">
<error message="ServletConfig has not been initialized" type="java.lang.IllegalStateException"><![CDATA[java.lang.IllegalStateException: ServletConfig has not been initialized
	at javax.servlet.GenericServlet.getServletContext(GenericServlet.java:197)
	at controller.WalletTest.setUp(WalletTest.java:55)
	at java.base/java.lang.reflect.Method.invoke(Method.java:568)
	at java.base/java.util.ArrayList.forEach(ArrayList.java:1511)
	at java.base/java.util.ArrayList.forEach(ArrayList.java:1511)
]]></error>
<system-out><![CDATA[
unique-id: [engine:junit-jupiter]/[class:controller.WalletTest]/[method:testDoPost_NegativeAmount_CreditsNegative()]
display-name: testDoPost_NegativeAmount_CreditsNegative()
]]></system-out>
</testcase>
<testcase name="testDoPost_ZeroAmount_Credits()" classname="controller.WalletTest" time="0.005">
<error message="ServletConfig has not been initialized" type="java.lang.IllegalStateException"><![CDATA[java.lang.IllegalStateException: ServletConfig has not been initialized
	at javax.servlet.GenericServlet.getServletContext(GenericServlet.java:197)
	at controller.WalletTest.setUp(WalletTest.java:55)
	at java.base/java.lang.reflect.Method.invoke(Method.java:568)
	at java.base/java.util.ArrayList.forEach(ArrayList.java:1511)
	at java.base/java.util.ArrayList.forEach(ArrayList.java:1511)
]]></error>
<system-out><![CDATA[
unique-id: [engine:junit-jupiter]/[class:controller.WalletTest]/[method:testDoPost_ZeroAmount_Credits()]
display-name: testDoPost_ZeroAmount_Credits()
]]></system-out>
</testcase>
<testcase name="testDoPost_NullAmount_HandlesException()" classname="controller.WalletEdgeCaseTest" time="0.003">
<error message="ServletConfig has not been initialized" type="java.lang.IllegalStateException"><![CDATA[java.lang.IllegalStateException: ServletConfig has not been initialized
	at javax.servlet.GenericServlet.getServletContext(GenericServlet.java:197)
	at controller.WalletEdgeCaseTest.setUp(WalletEdgeCaseTest.java:60)
	at java.base/java.lang.reflect.Method.invoke(Method.java:568)
	at java.base/java.util.ArrayList.forEach(ArrayList.java:1511)
	at java.base/java.util.ArrayList.forEach(ArrayList.java:1511)
]]></error>
<system-out><![CDATA[
unique-id: [engine:junit-jupiter]/[class:controller.WalletEdgeCaseTest]/[method:testDoPost_NullAmount_HandlesException()]
display-name: testDoPost_NullAmount_HandlesException()
]]></system-out>
</testcase>
<testcase name="testDoGet_ValidSearch_DisplaysOffers()" classname="controller.DisplaySearchTest" time="0.013">
<error message="ServletConfig has not been initialized" type="java.lang.IllegalStateException"><![CDATA[java.lang.IllegalStateException: ServletConfig has not been initialized
	at javax.servlet.GenericServlet.getServletContext(GenericServlet.java:197)
	at controller.DisplaySearchTest.setUp(DisplaySearchTest.java:53)
	at java.base/java.lang.reflect.Method.invoke(Method.java:568)
	at java.base/java.util.ArrayList.forEach(ArrayList.java:1511)
	at java.base/java.util.ArrayList.forEach(ArrayList.java:1511)
]]></error>
<system-out><![CDATA[
unique-id: [engine:junit-jupiter]/[class:controller.DisplaySearchTest]/[method:testDoGet_ValidSearch_DisplaysOffers()]
display-name: testDoGet_ValidSearch_DisplaysOffers()
]]></system-out>
</testcase>
<testcase name="testDoPost_InvalidAmount_HandlesException()" classname="controller.WalletTest" time="0.006">
<error message="ServletConfig has not been initialized" type="java.lang.IllegalStateException"><![CDATA[java.lang.IllegalStateException: ServletConfig has not been initialized
	at javax.servlet.GenericServlet.getServletContext(GenericServlet.java:197)
	at controller.WalletTest.setUp(WalletTest.java:55)
	at java.base/java.lang.reflect.Method.invoke(Method.java:568)
	at java.base/java.util.ArrayList.forEach(ArrayList.java:1511)
	at java.base/java.util.ArrayList.forEach(ArrayList.java:1511)
]]></error>
<system-out><![CDATA[
unique-id: [engine:junit-jupiter]/[class:controller.WalletTest]/[method:testDoPost_InvalidAmount_HandlesException()]
display-name: testDoPost_InvalidAmount_HandlesException()
]]></system-out>
</testcase>
<testcase name="testDoPost_DecimalAmount_CreditsExactly()" classname="controller.WalletEdgeCaseTest" time="0.012">
<error message="ServletConfig has not been initialized" type="java.lang.IllegalStateException"><![CDATA[java.lang.IllegalStateException: ServletConfig has not been initialized
	at javax.servlet.GenericServlet.getServletContext(GenericServlet.java:197)
	at controller.WalletEdgeCaseTest.setUp(WalletEdgeCaseTest.java:60)
	at java.base/java.lang.reflect.Method.invoke(Method.java:568)
	at java.base/java.util.ArrayList.forEach(ArrayList.java:1511)
	at java.base/java.util.ArrayList.forEach(ArrayList.java:1511)
]]></error>
<system-out><![CDATA[
unique-id: [engine:junit-jupiter]/[class:controller.WalletEdgeCaseTest]/[method:testDoPost_DecimalAmount_CreditsExactly()]
display-name: testDoPost_DecimalAmount_CreditsExactly()
]]></system-out>
</testcase>
<testcase name="testDoGet_UserInSession_ShowsProfile()" classname="controller.ProfileTest" time="0.015">
<error message="ServletConfig has not been initialized" type="java.lang.IllegalStateException"><![CDATA[java.lang.IllegalStateException: ServletConfig has not been initialized
	at javax.servlet.GenericServlet.getServletContext(GenericServlet.java:197)
	at controller.ProfileTest.setUp(ProfileTest.java:60)
	at java.base/java.lang.reflect.Method.invoke(Method.java:568)
	at java.base/java.util.ArrayList.forEach(ArrayList.java:1511)
	at java.base/java.util.ArrayList.forEach(ArrayList.java:1511)
]]></error>
<system-out><![CDATA[
unique-id: [engine:junit-jupiter]/[class:controller.ProfileTest]/[method:testDoGet_UserInSession_ShowsProfile()]
display-name: testDoGet_UserInSession_ShowsProfile()
]]></system-out>
</testcase>
<testcase name="testDoPost_UnknownType_DoesNothing()" classname="controller.ProfileEdgeCaseTest" time="0.003">
<error message="ServletConfig has not been initialized" type="java.lang.IllegalStateException"><![CDATA[java.lang.IllegalStateException: ServletConfig has not been initialized
	at javax.servlet.GenericServlet.getServletContext(GenericServlet.java:197)
	at controller.ProfileEdgeCaseTest.setUp(ProfileEdgeCaseTest.java:64)
	at java.base/java.lang.reflect.Method.invoke(Method.java:568)
	at java.base/java.util.ArrayList.forEach(ArrayList.java:1511)
	at java.base/java.util.ArrayList.forEach(ArrayList.java:1511)
]]></error>
<system-out><![CDATA[
unique-id: [engine:junit-jupiter]/[class:controller.ProfileEdgeCaseTest]/[method:testDoPost_UnknownType_DoesNothing()]
display-name: testDoPost_UnknownType_DoesNothing()
]]></system-out>
</testcase>
<testcase name="testDoGet_EmptyCity_RedirectsToHome()" classname="controller.DisplaySearchTest" time="3.242">
<error message="ServletConfig has not been initialized" type="java.lang.IllegalStateException"><![CDATA[java.lang.IllegalStateException: ServletConfig has not been initialized
	at javax.servlet.GenericServlet.getServletContext(GenericServlet.java:197)
	at controller.DisplaySearchTest.setUp(DisplaySearchTest.java:53)
	at java.base/java.lang.reflect.Method.invoke(Method.java:568)
	at java.base/java.util.ArrayList.forEach(ArrayList.java:1511)
	at java.base/java.util.ArrayList.forEach(ArrayList.java:1511)
]]></error>
<system-out><![CDATA[
unique-id: [engine:junit-jupiter]/[class:controller.DisplaySearchTest]/[method:testDoGet_EmptyCity_RedirectsToHome()]
display-name: testDoGet_EmptyCity_RedirectsToHome()
]]></system-out>
</testcase>
<testcase name="testDoGet_MissingParameters_RedirectsToHome()" classname="controller.DisplaySearchTest" time="0.011">
<error message="ServletConfig has not been initialized" type="java.lang.IllegalStateException"><![CDATA[java.lang.IllegalStateException: ServletConfig has not been initialized
	at javax.servlet.GenericServlet.getServletContext(GenericServlet.java:197)
	at controller.DisplaySearchTest.setUp(DisplaySearchTest.java:53)
	at java.base/java.lang.reflect.Method.invoke(Method.java:568)
	at java.base/java.util.ArrayList.forEach(ArrayList.java:1511)
	at java.base/java.util.ArrayList.forEach(ArrayList.java:1511)
]]></error>
<system-out><![CDATA[
unique-id: [engine:junit-jupiter]/[class:controller.DisplaySearchTest]/[method:testDoGet_MissingParameters_RedirectsToHome()]
display-name: testDoGet_MissingParameters_RedirectsToHome()
]]></system-out>
</testcase>
<testcase name="testDoGet_ImageExtension_SetsCorrectMimeType()" classname="controller.ImgServTest" time="0.009">
<error message="ServletConfig has not been initialized" type="java.lang.IllegalStateException"><![CDATA[java.lang.IllegalStateException: ServletConfig has not been initialized
	at javax.servlet.GenericServlet.getServletContext(GenericServlet.java:197)
	at controller.ImgServTest.setUp(ImgServTest.java:47)
	at java.base/java.lang.reflect.Method.invoke(Method.java:568)
	at java.base/java.util.ArrayList.forEach(ArrayList.java:1511)
	at java.base/java.util.ArrayList.forEach(ArrayList.java:1511)
]]></error>
<system-out><![CDATA[
unique-id: [engine:junit-jupiter]/[class:controller.ImgServTest]/[method:testDoGet_ImageExtension_SetsCorrectMimeType()]
display-name: testDoGet_ImageExtension_SetsCorrectMimeType()
]]></system-out>
</testcase>
<testcase name="testDoGet_UserInSession_ShowsWallet()" classname="controller.WalletTest" time="0.008">
<error message="ServletConfig has not been initialized" type="java.lang.IllegalStateException"><![CDATA[java.lang.IllegalStateException: ServletConfig has not been initialized
	at javax.servlet.GenericServlet.getServletContext(GenericServlet.java:197)
	at controller.WalletTest.setUp(WalletTest.java:55)
	at java.base/java.lang.reflect.Method.invoke(Method.java:568)
	at java.base/java.util.ArrayList.forEach(ArrayList.java:1511)
	at java.base/java.util.ArrayList.forEach(ArrayList.java:1511)
]]></error>
<system-out><![CDATA[
unique-id: [engine:junit-jupiter]/[class:controller.WalletTest]/[method:testDoGet_UserInSession_ShowsWallet()]
display-name: testDoGet_UserInSession_ShowsWallet()
]]></system-out>
</testcase>
<testcase name="testConstructor()" classname="controller.WalletTest" time="0.005">
<error message="ServletConfig has not been initialized" type="java.lang.IllegalStateException"><![CDATA[java.lang.IllegalStateException: ServletConfig has not been initialized
	at javax.servlet.GenericServlet.getServletContext(GenericServlet.java:197)
	at controller.WalletTest.setUp(WalletTest.java:55)
	at java.base/java.lang.reflect.Method.invoke(Method.java:568)
	at java.base/java.util.ArrayList.forEach(ArrayList.java:1511)
	at java.base/java.util.ArrayList.forEach(ArrayList.java:1511)
]]></error>
<system-out><![CDATA[
unique-id: [engine:junit-jupiter]/[class:controller.WalletTest]/[method:testConstructor()]
display-name: testConstructor()
]]></system-out>
</testcase>
<testcase name="testDoGet_InvalidCapacity_HandlesException()" classname="controller.DisplaySearchTest" time="0.009">
<error message="ServletConfig has not been initialized" type="java.lang.IllegalStateException"><![CDATA[java.lang.IllegalStateException: ServletConfig has not been initialized
	at javax.servlet.GenericServlet.getServletContext(GenericServlet.java:197)
	at controller.DisplaySearchTest.setUp(DisplaySearchTest.java:53)
	at java.base/java.lang.reflect.Method.invoke(Method.java:568)
	at java.base/java.util.ArrayList.forEach(ArrayList.java:1511)
	at java.base/java.util.ArrayList.forEach(ArrayList.java:1511)
]]></error>
<system-out><![CDATA[
unique-id: [engine:junit-jupiter]/[class:controller.DisplaySearchTest]/[method:testDoGet_InvalidCapacity_HandlesException()]
display-name: testDoGet_InvalidCapacity_HandlesException()
]]></system-out>
</testcase>
<testcase name="testDoPost_UpdateInfo_ChangesFirstname()" classname="controller.ProfileTest" time="0.013">
<error message="ServletConfig has not been initialized" type="java.lang.IllegalStateException"><![CDATA[java.lang.IllegalStateException: ServletConfig has not been initialized
	at javax.servlet.GenericServlet.getServletContext(GenericServlet.java:197)
	at controller.ProfileTest.setUp(ProfileTest.java:60)
	at java.base/java.lang.reflect.Method.invoke(Method.java:568)
	at java.base/java.util.ArrayList.forEach(ArrayList.java:1511)
	at java.base/java.util.ArrayList.forEach(ArrayList.java:1511)
]]></error>
<system-out><![CDATA[
unique-id: [engine:junit-jupiter]/[class:controller.ProfileTest]/[method:testDoPost_UpdateInfo_ChangesFirstname()]
display-name: testDoPost_UpdateInfo_ChangesFirstname()
]]></system-out>
</testcase>
<testcase name="testDoGet_ExternalUserNotFound_HandlesGracefully()" classname="controller.ProfileEdgeCaseTest" time="0.01">
<error message="ServletConfig has not been initialized" type="java.lang.IllegalStateException"><![CDATA[java.lang.IllegalStateException: ServletConfig has not been initialized
	at javax.servlet.GenericServlet.getServletContext(GenericServlet.java:197)
	at controller.ProfileEdgeCaseTest.setUp(ProfileEdgeCaseTest.java:64)
	at java.base/java.lang.reflect.Method.invoke(Method.java:568)
	at java.base/java.util.ArrayList.forEach(ArrayList.java:1511)
	at java.base/java.util.ArrayList.forEach(ArrayList.java:1511)
]]></error>
<system-out><![CDATA[
unique-id: [engine:junit-jupiter]/[class:controller.ProfileEdgeCaseTest]/[method:testDoGet_ExternalUserNotFound_HandlesGracefully()]
display-name: testDoGet_ExternalUserNotFound_HandlesGracefully()
]]></system-out>
</testcase>
<testcase name="testDoPost_UpdateInfo_ChangesPhone()" classname="controller.ProfileTest" time="0.018">
<error message="ServletConfig has not been initialized" type="java.lang.IllegalStateException"><![CDATA[java.lang.IllegalStateException: ServletConfig has not been initialized
	at javax.servlet.GenericServlet.getServletContext(GenericServlet.java:197)
	at controller.ProfileTest.setUp(ProfileTest.java:60)
	at java.base/java.lang.reflect.Method.invoke(Method.java:568)
	at java.base/java.util.ArrayList.forEach(ArrayList.java:1511)
	at java.base/java.util.ArrayList.forEach(ArrayList.java:1511)
]]></error>
<system-out><![CDATA[
unique-id: [engine:junit-jupiter]/[class:controller.ProfileTest]/[method:testDoPost_UpdateInfo_ChangesPhone()]
display-name: testDoPost_UpdateInfo_ChangesPhone()
]]></system-out>
</testcase>
<testcase name="testConstructor()" classname="controller.ProfileTest" time="0.005">
<error message="ServletConfig has not been initialized" type="java.lang.IllegalStateException"><![CDATA[java.lang.IllegalStateException: ServletConfig has not been initialized
	at javax.servlet.GenericServlet.getServletContext(GenericServlet.java:197)
	at controller.ProfileTest.setUp(ProfileTest.java:60)
	at java.base/java.lang.reflect.Method.invoke(Method.java:568)
	at java.base/java.util.ArrayList.forEach(ArrayList.java:1511)
	at java.base/java.util.ArrayList.forEach(ArrayList.java:1511)
]]></error>
<system-out><![CDATA[
unique-id: [engine:junit-jupiter]/[class:controller.ProfileTest]/[method:testConstructor()]
display-name: testConstructor()
]]></system-out>
</testcase>
<testcase name="testDoPost_EmptyAmount_HandlesException()" classname="controller.WalletEdgeCaseTest" time="0.015">
<error message="ServletConfig has not been initialized" type="java.lang.IllegalStateException"><![CDATA[java.lang.IllegalStateException: ServletConfig has not been initialized
	at javax.servlet.GenericServlet.getServletContext(GenericServlet.java:197)
	at controller.WalletEdgeCaseTest.setUp(WalletEdgeCaseTest.java:60)
	at java.base/java.lang.reflect.Method.invoke(Method.java:568)
	at java.base/java.util.ArrayList.forEach(ArrayList.java:1511)
	at java.base/java.util.ArrayList.forEach(ArrayList.java:1511)
]]></error>
<system-out><![CDATA[
unique-id: [engine:junit-jupiter]/[class:controller.WalletEdgeCaseTest]/[method:testDoPost_EmptyAmount_HandlesException()]
display-name: testDoPost_EmptyAmount_HandlesException()
]]></system-out>
</testcase>
<system-out><![CDATA[
unique-id: [engine:junit-jupiter]
display-name: JUnit Jupiter
]]></system-out>
</testsuite>
