<?xml version="1.0" encoding="UTF-8"?>
<testsuite name="JUnit Vintage" tests="10" skipped="0" failures="0" errors="0" time="0.068" hostname="DESKTOP-2IK5BJN" timestamp="2025-11-27T23:46:08">
<properties>
[...]
</properties>
<testcase name="testGetTextFromDBEntryCaseSensitive" classname="function.TextToolsTest" time="0">
<system-out><![CDATA[
unique-id: [engine:junit-vintage]/[runner:function.TextToolsTest]/[test:testGetTextFromDBEntryCaseSensitive(function.TextToolsTest)]
display-name: testGetTextFromDBEntryCaseSensitive
]]></system-out>
</testcase>
<testcase name="testSha256Consistency" classname="function.HashTest" time="0">
<system-out><![CDATA[
unique-id: [engine:junit-vintage]/[runner:function.HashTest]/[test:testSha256Consistency(function.HashTest)]
display-name: testSha256Consistency
]]></system-out>
</testcase>
<testcase name="testGetTextFromBool" classname="function.TextToolsTest" time="0">
<system-out><![CDATA[
unique-id: [engine:junit-vintage]/[runner:function.TextToolsTest]/[test:testGetTextFromBool(function.TextToolsTest)]
display-name: testGetTextFromBool
]]></system-out>
</testcase>
<testcase name="testGetTextFromDBEntry" classname="function.TextToolsTest" time="0">
<system-out><![CDATA[
unique-id: [engine:junit-vintage]/[runner:function.TextToolsTest]/[test:testGetTextFromDBEntry(function.TextToolsTest)]
display-name: testGetTextFromDBEntry
]]></system-out>
</testcase>
<testcase name="testGetTextFromBoolMultipleCalls" classname="function.TextToolsTest" time="0.007">
<system-out><![CDATA[
unique-id: [engine:junit-vintage]/[runner:function.TextToolsTest]/[test:testGetTextFromBoolMultipleCalls(function.TextToolsTest)]
display-name: testGetTextFromBoolMultipleCalls
]]></system-out>
</testcase>
<testcase name="testGetTextFromDBEntryAllKeys" classname="function.TextToolsTest" time="0">
<system-out><![CDATA[
unique-id: [engine:junit-vintage]/[runner:function.TextToolsTest]/[test:testGetTextFromDBEntryAllKeys(function.TextToolsTest)]
display-name: testGetTextFromDBEntryAllKeys
]]></system-out>
</testcase>
<testcase name="testSha256DifferentInputs" classname="function.HashTest" time="0">
<system-out><![CDATA[
unique-id: [engine:junit-vintage]/[runner:function.HashTest]/[test:testSha256DifferentInputs(function.HashTest)]
display-name: testSha256DifferentInputs
]]></system-out>
</testcase>
<testcase name="testSha256Hash" classname="function.HashTest" time="0.014">
<system-out><![CDATA[
unique-id: [engine:junit-vintage]/[runner:function.HashTest]/[test:testSha256Hash(function.HashTest)]
display-name: testSha256Hash
]]></system-out>
</testcase>
<testcase name="testGetTextFromDBEntryNotFound" classname="function.TextToolsTest" time="0">
<system-out><![CDATA[
unique-id: [engine:junit-vintage]/[runner:function.TextToolsTest]/[test:testGetTextFromDBEntryNotFound(function.TextToolsTest)]
display-name: testGetTextFromDBEntryNotFound
]]></system-out>
</testcase>
<testcase name="testSha256EmptyString" classname="function.HashTest" time="0">
<system-out><![CDATA[
unique-id: [engine:junit-vintage]/[runner:function.HashTest]/[test:testSha256EmptyString(function.HashTest)]
display-name: testSha256EmptyString
]]></system-out>
</testcase>
<system-out><![CDATA[
unique-id: [engine:junit-vintage]
display-name: JUnit Vintage
]]></system-out>
</testsuite>
